<?xml version='1.0' encoding='UTF-8'?>
<testsuite hostname="e03cdef72928" name="PriceBasketSpec" tests="10" errors="0" failures="0" skipped="0" time="0.098" timestamp="2025-02-11T11:34:32">
          <properties>
[...]
</properties>
          <testcase classname="PriceBasketSpec" name="A ShoppingBasket should calculate correct totals when no discount is applicable" time="0.027">
                      
                    </testcase><testcase classname="PriceBasketSpec" name="A ShoppingBasket should apply soup and bread discount correctly" time="0.008">
                      
                    </testcase><testcase classname="PriceBasketSpec" name="A ShoppingBasket should resolve item names regardless of case" time="0.001">
                      
                    </testcase><testcase classname="PriceBasketSpec" name="A ShoppingBasket should handle an empty basket" time="0.0">
                      
                    </testcase><testcase classname="PriceBasketSpec" name="A ShoppingBasket should apply apples discount correctly" time="0.0">
                      
                    </testcase><testcase classname="PriceBasketSpec" name="A ShoppingBasket should apply combined discounts correctly" time="0.008">
                      
                    </testcase><testcase classname="PriceBasketSpec" name="A ShoppingBasket should handle large quantities of items correctly" time="0.005">
                      
                    </testcase><testcase classname="PriceBasketSpec" name="A ShoppingBasket should ignore unknown items" time="0.045">
                      
                    </testcase><testcase classname="PriceBasketSpec" name="A ShoppingBasket should reject items with any typos" time="0.001">
                      
                    </testcase><testcase classname="PriceBasketSpec" name="A ShoppingBasket should handle maximal input of 1000 items correctly" time="0.003">
                      
                    </testcase>
          <system-out><![CDATA[]]></system-out>
          <system-err><![CDATA[]]></system-err>
        </testsuite>